Flutter crash report.
Please report a bug at https://github.com/flutter/flutter/issues.

## command

flutter pub get --no-example

## exception

PathNotFoundException: PathNotFoundException: Creation failed, path = 'C:\Users\Administrator\Documents\FLUTTER_PROJECT\tutorialx\.dart_tool\dartpad' (OS Error: The system cannot find the path specified.
, errno = 3)

```
#0      _checkForErrorResponse (dart:io/common.dart:55:9)
#1      _Directory.create.<anonymous closure> (dart:io/directory_impl.dart:109:9)
#2      _rootRunUnary (dart:async/zone.dart:1407:47)
#3      _CustomZone.runUnary (dart:async/zone.dart:1308:19)
<asynchronous suspension>
#4      _File.create.<anonymous closure> (dart:io/file_impl.dart:283:15)
<asynchronous suspension>
#5      _File.create.<anonymous closure> (dart:io/file_impl.dart:285:15)
<asynchronous suspension>
#6      ForwardingFile.create (package:file/src/forwarding/forwarding_file.dart:20:12)
<asynchronous suspension>
#7      ForwardingFile.create (package:file/src/forwarding/forwarding_file.dart:20:12)
<asynchronous suspension>
#8      _renderTemplateToFile (package:flutter_tools/src/flutter_plugins.dart:39:3)
<asynchronous suspension>
#9      _writeWebPluginRegistrant (package:flutter_tools/src/flutter_plugins.dart:880:3)
<asynchronous suspension>
#10     injectBuildTimePluginFiles (package:flutter_tools/src/flutter_plugins.dart:1057:5)
<asynchronous suspension>
#11     WebProject.ensureReadyForPlatformSpecificTooling (package:flutter_tools/src/project.dart:989:5)
<asynchronous suspension>
#12     FlutterProject.ensureReadyForPlatformSpecificTooling (package:flutter_tools/src/project.dart:396:7)
<asynchronous suspension>
#13     PackagesGetCommand.runCommand (package:flutter_tools/src/commands/packages.dart:383:7)
<asynchronous suspension>
#14     FlutterCommand.run.<anonymous closure> (package:flutter_tools/src/runner/flutter_command.dart:1408:27)
<asynchronous suspension>
#15     AppContext.run.<anonymous closure> (package:flutter_tools/src/base/context.dart:153:19)
<asynchronous suspension>
#16     CommandRunner.runCommand (package:args/command_runner.dart:212:13)
<asynchronous suspension>
#17     FlutterCommandRunner.runCommand.<anonymous closure> (package:flutter_tools/src/runner/flutter_command_runner.dart:420:9)
<asynchronous suspension>
#18     AppContext.run.<anonymous closure> (package:flutter_tools/src/base/context.dart:153:19)
<asynchronous suspension>
#19     FlutterCommandRunner.runCommand (package:flutter_tools/src/runner/flutter_command_runner.dart:364:5)
<asynchronous suspension>
#20     run.<anonymous closure>.<anonymous closure> (package:flutter_tools/runner.dart:130:9)
<asynchronous suspension>
#21     AppContext.run.<anonymous closure> (package:flutter_tools/src/base/context.dart:153:19)
<asynchronous suspension>
#22     main (package:flutter_tools/executable.dart:93:3)
<asynchronous suspension>
```

## flutter doctor

```
[!] Flutter (Channel stable, 3.24.5, on Microsoft Windows [Version 10.0.26100.2314], locale en-US)
    • Flutter version 3.24.5 on channel stable at C:\Users\Administrator\fvm\versions\3.24.5
    ! Warning: `flutter` on your path resolves to C:\Users\Administrator\fvm\versions\3.27.1\bin\flutter, which is not inside your current Flutter SDK checkout at C:\Users\Administrator\fvm\versions\3.24.5. Consider adding C:\Users\Administrator\fvm\versions\3.24.5\bin to the front of your path.
    ! Warning: `dart` on your path resolves to C:\Users\Administrator\fvm\versions\3.27.1\bin\dart, which is not inside your current Flutter SDK checkout at C:\Users\Administrator\fvm\versions\3.24.5. Consider adding C:\Users\Administrator\fvm\versions\3.24.5\bin to the front of your path.
    • Upstream repository https://github.com/flutter/flutter.git
    • Framework revision dec2ee5c1f (8 weeks ago), 2024-11-13 11:13:06 -0800
    • Engine revision a18df97ca5
    • Dart version 3.5.4
    • DevTools version 2.37.3
    • If those were intentional, you can disregard the above warnings; however it is recommended to use "git" directly to perform update checks and upgrades.

[✓] Windows Version (Installed version of Windows is version 10 or higher)

[✓] Android toolchain - develop for Android devices (Android SDK version 35.0.0)
    • Android SDK at C:\Users\Administrator\AppData\Local\Android\sdk
    • Platform android-35, build-tools 35.0.0
    • Java binary at: C:\Program Files\Java\jdk-17\bin\java
    • Java version Java(TM) SE Runtime Environment (build 17.0.12+8-LTS-286)
    • All Android licenses accepted.

[✓] Chrome - develop for the web
    • Chrome at C:\Program Files\Google\Chrome\Application\chrome.exe

[✓] Visual Studio - develop Windows apps (Visual Studio Community 2022 17.12.3)
    • Visual Studio at C:\Program Files\Microsoft Visual Studio\2022\Community
    • Visual Studio Community 2022 version 17.12.35527.113
    • Windows 10 SDK version 10.0.22621.0

[✓] Android Studio (version 2024.2)
    • Android Studio at C:\Program Files\Android\Android Studio
    • Flutter plugin can be installed from:
      🔨 https://plugins.jetbrains.com/plugin/9212-flutter
    • Dart plugin can be installed from:
      🔨 https://plugins.jetbrains.com/plugin/6351-dart
    • Java version OpenJDK Runtime Environment (build 21.0.3+-12282718-b509.11)

[✓] VS Code (version 1.96.2)
    • VS Code at C:\Users\Administrator\AppData\Local\Programs\Microsoft VS Code
    • Flutter extension version 3.102.0

[✓] Connected device (4 available)
    • Infinix X6833B (mobile) • 102752536G015203 • android-arm64  • Android 13 (API 33)
    • Windows (desktop)       • windows          • windows-x64    • Microsoft Windows [Version 10.0.26100.2314]
    • Chrome (web)            • chrome           • web-javascript • Google Chrome 131.0.6778.265
    • Edge (web)              • edge             • web-javascript • Microsoft Edge 131.0.2903.112

[✓] Network resources
    • All expected network resources are available.

! Doctor found issues in 1 category.
```
